Using pre-set license
Built from '2020.3/staging' branch; Version is '2020.3.29f1 (2ff179115da0) revision 3142009'; Using compiler version '192528614'; Build Type 'Release'
OS: 'Windows 10  (10.0.19042) 64bit Core' Language: 'es' Physical Memory: 7987 MB
BatchMode: 1, IsHumanControllingUs: 0, StartBugReporterOnCrash: 0, Is64bit: 1, IsPro: 0

COMMAND LINE ARGUMENTS:
C:\Program Files\Unity\Hub\Editor\2020.3.29f1\Editor\Unity.exe
-adb2
-batchMode
-noUpm
-name
AssetImportWorker0
-projectPath
C:/Users/alvar/Desktop/PROYECTOS UNITY/My project
-logFile
Logs/AssetImportWorker0.log
-srvPort
58897
Successfully changed project path to: C:/Users/alvar/Desktop/PROYECTOS UNITY/My project
C:/Users/alvar/Desktop/PROYECTOS UNITY/My project
Using Asset Import Pipeline V2.
Refreshing native plugins compatible for Editor in 102.95 ms, found 2 plugins.
Preloading 0 native plugins for Editor in 0.00 ms.
Initialize engine version: 2020.3.29f1 (2ff179115da0)
[Subsystems] Discovering subsystems at path C:/Program Files/Unity/Hub/Editor/2020.3.29f1/Editor/Data/Resources/UnitySubsystems
[Subsystems] Discovering subsystems at path C:/Users/alvar/Desktop/PROYECTOS UNITY/My project/Assets
GfxDevice: creating device client; threaded=0
Direct3D:
    Version:  Direct3D 11.0 [level 11.1]
    Renderer: NVIDIA GeForce GTX 1650 (ID=0x1f9d)
    Vendor:   
    VRAM:     3962 MB
    Driver:   30.0.15.1179
Initialize mono
Mono path[0] = 'C:/Program Files/Unity/Hub/Editor/2020.3.29f1/Editor/Data/Managed'
Mono path[1] = 'C:/Program Files/Unity/Hub/Editor/2020.3.29f1/Editor/Data/MonoBleedingEdge/lib/mono/unityjit'
Mono config path = 'C:/Program Files/Unity/Hub/Editor/2020.3.29f1/Editor/Data/MonoBleedingEdge/etc'
Using monoOptions --debugger-agent=transport=dt_socket,embedding=1,server=y,suspend=n,address=127.0.0.1:56852
Begin MonoManager ReloadAssembly
Registering precompiled unity dll's ...
Register platform support module: C:/Program Files/Unity/Hub/Editor/2020.3.29f1/Editor/Data/PlaybackEngines/WebGLSupport/UnityEditor.WebGL.Extensions.dll
Register platform support module: C:/Program Files/Unity/Hub/Editor/2020.3.29f1/Editor/Data/PlaybackEngines/WindowsStandaloneSupport/UnityEditor.WindowsStandalone.Extensions.dll
Registered in 0.008104 seconds.
Native extension for WindowsStandalone target not found
Native extension for WebGL target not found
Refreshing native plugins compatible for Editor in 102.53 ms, found 2 plugins.
Preloading 0 native plugins for Editor in 0.00 ms.
Mono: successfully reloaded assembly
- Completed reload, in  1.866 seconds
Domain Reload Profiling:
	ReloadAssembly (1867ms)
		BeginReloadAssembly (270ms)
			ExecutionOrderSort (0ms)
			DisableScriptedObjects (0ms)
			BackupInstance (0ms)
			ReleaseScriptingObjects (0ms)
			CreateAndSetChildDomain (3ms)
		EndReloadAssembly (1368ms)
			LoadAssemblies (260ms)
			RebuildTransferFunctionScriptingTraits (0ms)
			SetupTypeCache (483ms)
			ReleaseScriptCaches (0ms)
			RebuildScriptCaches (88ms)
			SetupLoadedEditorAssemblies (494ms)
				LogAssemblyErrors (0ms)
				InitializePlatformSupportModulesInManaged (16ms)
				SetLoadedEditorAssemblies (1ms)
				RefreshPlugins (103ms)
				BeforeProcessingInitializeOnLoad (26ms)
				ProcessInitializeOnLoadAttributes (261ms)
				ProcessInitializeOnLoadMethodAttributes (87ms)
				AfterProcessingInitializeOnLoad (0ms)
				EditorAssembliesLoaded (1ms)
			ExecutionOrderSort2 (0ms)
			AwakeInstancesAfterBackupRestoration (0ms)
Platform modules already initialized, skipping
Registering precompiled user dll's ...
Registered in 0.008663 seconds.
Begin MonoManager ReloadAssembly
Native extension for WindowsStandalone target not found
Native extension for WebGL target not found
Refreshing native plugins compatible for Editor in 0.87 ms, found 2 plugins.
Preloading 0 native plugins for Editor in 0.00 ms.
Mono: successfully reloaded assembly
- Completed reload, in  3.075 seconds
Domain Reload Profiling:
	ReloadAssembly (3078ms)
		BeginReloadAssembly (460ms)
			ExecutionOrderSort (0ms)
			DisableScriptedObjects (14ms)
			BackupInstance (0ms)
			ReleaseScriptingObjects (0ms)
			CreateAndSetChildDomain (46ms)
		EndReloadAssembly (2411ms)
			LoadAssemblies (304ms)
			RebuildTransferFunctionScriptingTraits (0ms)
			SetupTypeCache (805ms)
			ReleaseScriptCaches (1ms)
			RebuildScriptCaches (125ms)
			SetupLoadedEditorAssemblies (928ms)
				LogAssemblyErrors (0ms)
				InitializePlatformSupportModulesInManaged (18ms)
				SetLoadedEditorAssemblies (2ms)
				RefreshPlugins (1ms)
				BeforeProcessingInitializeOnLoad (168ms)
				ProcessInitializeOnLoadAttributes (690ms)
				ProcessInitializeOnLoadMethodAttributes (26ms)
				AfterProcessingInitializeOnLoad (22ms)
				EditorAssembliesLoaded (1ms)
			ExecutionOrderSort2 (0ms)
			AwakeInstancesAfterBackupRestoration (19ms)
Platform modules already initialized, skipping
========================================================================
Worker process is ready to serve import requests
Launched and connected shader compiler UnityShaderCompiler.exe after 0.15 seconds
Refreshing native plugins compatible for Editor in 0.27 ms, found 2 plugins.
Preloading 0 native plugins for Editor in 0.00 ms.
Unloading 1503 Unused Serialized files (Serialized files now loaded: 0)
System memory in use before: 79.7 MB.
System memory in use after: 79.8 MB.

Unloading 16 unused Assets to reduce memory usage. Loaded Objects now: 1953.
Total: 2.609900 ms (FindLiveObjects: 0.103200 ms CreateObjectMapping: 0.034700 ms MarkObjects: 2.396800 ms  DeleteObjects: 0.074200 ms)

AssetImportParameters requested are different than current active one (requested -> active):
  custom:framework-win-MediaFoundation: 216162199b28c13a410421893ffa2e32 -> 
  custom:video-decoder-ogg-theora: a1e56fd34408186e4bbccfd4996cb3dc -> 
  custom:container-muxer-webm: aa71ff27fc2769a1b78a27578f13a17b -> 
  custom:container-demuxer-webm: 4f35f7cbe854078d1ac9338744f61a02 -> 
  custom:container-demuxer-ogg: 62fdf1f143b41e24485cea50d1cbac27 -> 
  custom:video-encoder-webm-vp8: eb34c28f22e8b96e1ab97ce403110664 -> 
  custom:video-decoder-webm-vp8: 9c59270c3fd7afecdb556c50c9e8de78 -> 
  custom:audio-decoder-ogg-vorbis: bf7c407c2cedff20999df2af8eb42d56 -> 
  custom:audio-encoder-webm-vorbis: bf7c407c2cedff20999df2af8eb42d56 -> 
========================================================================
Received Import Request.
  path: Assets/Game/Materials
  artifactKey: Guid(e7581c1f3a1b7c2429859278300c34ad) Importer(815301076,1909f56bfc062723c751e8b465ee728b)
Start importing Assets/Game/Materials using Guid(e7581c1f3a1b7c2429859278300c34ad) Importer(815301076,1909f56bfc062723c751e8b465ee728b)  -> (artifact id: 'e66d9bbd9b74aa201c246ce82b443b00') in 0.005267 seconds 
  Import took 0.008230 seconds .

========================================================================
Received Import Request.
  Time since last request: 6.531504 seconds.
  path: Assets/Game/Materials/New Material.mat
  artifactKey: Guid(5e1795d205feab642be6ff1716b61c77) Importer(815301076,1909f56bfc062723c751e8b465ee728b)
Start importing Assets/Game/Materials/New Material.mat using Guid(5e1795d205feab642be6ff1716b61c77) Importer(815301076,1909f56bfc062723c751e8b465ee728b)  -> (artifact id: 'b82ef902e49b119bee2bf181dcc5a5e7') in 0.363345 seconds 
  Import took 0.370940 seconds .

========================================================================
Received Import Request.
  Time since last request: 42.012053 seconds.
  path: Assets/Game/Materials/Suelo.mat
  artifactKey: Guid(5e1795d205feab642be6ff1716b61c77) Importer(815301076,1909f56bfc062723c751e8b465ee728b)
Start importing Assets/Game/Materials/Suelo.mat using Guid(5e1795d205feab642be6ff1716b61c77) Importer(815301076,1909f56bfc062723c751e8b465ee728b)  -> (artifact id: '593475ec935ca89570b7bb18f7f7f952') in 0.039258 seconds 
  Import took 0.057201 seconds .

========================================================================
Received Import Request.
  Time since last request: 121.600342 seconds.
  path: Assets/New Terrain.asset
  artifactKey: Guid(b56be29224eb862408a8113c1becea6a) Importer(815301076,1909f56bfc062723c751e8b465ee728b)
Start importing Assets/New Terrain.asset using Guid(b56be29224eb862408a8113c1becea6a) Importer(815301076,1909f56bfc062723c751e8b465ee728b)  -> (artifact id: '4d0bf613920e4fd11baf1f75f0db8d0f') in 0.030920 seconds 
  Import took 0.039654 seconds .

========================================================================
Received Import Request.
  Time since last request: 491.234297 seconds.
  path: Assets/Game/BaseCharacterClass.cs
  artifactKey: Guid(1d5b7439e43d03e499187047b7ed2516) Importer(815301076,1909f56bfc062723c751e8b465ee728b)
Start importing Assets/Game/BaseCharacterClass.cs using Guid(1d5b7439e43d03e499187047b7ed2516) Importer(815301076,1909f56bfc062723c751e8b465ee728b)  -> (artifact id: '395a6d8a93d8e35879122ac5ead7310a') in 0.013545 seconds 
  Import took 0.022402 seconds .

========================================================================
Received Prepare
Registering precompiled user dll's ...
Registered in 0.008463 seconds.
Begin MonoManager ReloadAssembly
Native extension for WindowsStandalone target not found
Native extension for WebGL target not found
Refreshing native plugins compatible for Editor in 0.78 ms, found 2 plugins.
Preloading 0 native plugins for Editor in 0.00 ms.
Mono: successfully reloaded assembly
- Completed reload, in  2.818 seconds
Domain Reload Profiling:
	ReloadAssembly (2819ms)
		BeginReloadAssembly (313ms)
			ExecutionOrderSort (0ms)
			DisableScriptedObjects (12ms)
			BackupInstance (0ms)
			ReleaseScriptingObjects (0ms)
			CreateAndSetChildDomain (88ms)
		EndReloadAssembly (2291ms)
			LoadAssemblies (301ms)
			RebuildTransferFunctionScriptingTraits (0ms)
			SetupTypeCache (765ms)
			ReleaseScriptCaches (2ms)
			RebuildScriptCaches (110ms)
			SetupLoadedEditorAssemblies (834ms)
				LogAssemblyErrors (0ms)
				InitializePlatformSupportModulesInManaged (17ms)
				SetLoadedEditorAssemblies (2ms)
				RefreshPlugins (1ms)
				BeforeProcessingInitializeOnLoad (163ms)
				ProcessInitializeOnLoadAttributes (600ms)
				ProcessInitializeOnLoadMethodAttributes (29ms)
				AfterProcessingInitializeOnLoad (22ms)
				EditorAssembliesLoaded (1ms)
			ExecutionOrderSort2 (0ms)
			AwakeInstancesAfterBackupRestoration (23ms)
Platform modules already initialized, skipping
Refreshing native plugins compatible for Editor in 0.84 ms, found 2 plugins.
Preloading 0 native plugins for Editor in 0.00 ms.
Unloading 1498 Unused Serialized files (Serialized files now loaded: 0)
System memory in use before: 82.9 MB.
System memory in use after: 83.1 MB.

Unloading 11 unused Assets to reduce memory usage. Loaded Objects now: 1996.
Total: 7.119600 ms (FindLiveObjects: 0.271200 ms CreateObjectMapping: 0.150500 ms MarkObjects: 6.655400 ms  DeleteObjects: 0.040800 ms)

AssetImportParameters requested are different than current active one (requested -> active):
  custom:framework-win-MediaFoundation: 216162199b28c13a410421893ffa2e32 -> 
  custom:video-decoder-ogg-theora: a1e56fd34408186e4bbccfd4996cb3dc -> 
  custom:container-muxer-webm: aa71ff27fc2769a1b78a27578f13a17b -> 
  custom:container-demuxer-webm: 4f35f7cbe854078d1ac9338744f61a02 -> 
  custom:container-demuxer-ogg: 62fdf1f143b41e24485cea50d1cbac27 -> 
  custom:video-encoder-webm-vp8: eb34c28f22e8b96e1ab97ce403110664 -> 
  custom:video-decoder-webm-vp8: 9c59270c3fd7afecdb556c50c9e8de78 -> 
  custom:audio-decoder-ogg-vorbis: bf7c407c2cedff20999df2af8eb42d56 -> 
  custom:audio-encoder-webm-vorbis: bf7c407c2cedff20999df2af8eb42d56 -> 
========================================================================
Received Import Request.
  Time since last request: 10.300051 seconds.
  path: Assets/Game/Scripts
  artifactKey: Guid(9b601831cb9dbc841843cb289fc3dfc3) Importer(815301076,1909f56bfc062723c751e8b465ee728b)
Start importing Assets/Game/Scripts using Guid(9b601831cb9dbc841843cb289fc3dfc3) Importer(815301076,1909f56bfc062723c751e8b465ee728b)  -> (artifact id: 'b6548b7e3cc5902e143f1319043536f0') in 0.012236 seconds 
  Import took 0.018152 seconds .

========================================================================
Received Prepare
Registering precompiled user dll's ...
Registered in 0.007884 seconds.
Begin MonoManager ReloadAssembly
Native extension for WindowsStandalone target not found
Native extension for WebGL target not found
Refreshing native plugins compatible for Editor in 1.28 ms, found 2 plugins.
Preloading 0 native plugins for Editor in 0.00 ms.
Mono: successfully reloaded assembly
- Completed reload, in  2.609 seconds
Domain Reload Profiling:
	ReloadAssembly (2610ms)
		BeginReloadAssembly (282ms)
			ExecutionOrderSort (0ms)
			DisableScriptedObjects (10ms)
			BackupInstance (0ms)
			ReleaseScriptingObjects (0ms)
			CreateAndSetChildDomain (71ms)
		EndReloadAssembly (2139ms)
			LoadAssemblies (276ms)
			RebuildTransferFunctionScriptingTraits (0ms)
			SetupTypeCache (726ms)
			ReleaseScriptCaches (2ms)
			RebuildScriptCaches (82ms)
			SetupLoadedEditorAssemblies (781ms)
				LogAssemblyErrors (0ms)
				InitializePlatformSupportModulesInManaged (21ms)
				SetLoadedEditorAssemblies (1ms)
				RefreshPlugins (2ms)
				BeforeProcessingInitializeOnLoad (163ms)
				ProcessInitializeOnLoadAttributes (558ms)
				ProcessInitializeOnLoadMethodAttributes (13ms)
				AfterProcessingInitializeOnLoad (22ms)
				EditorAssembliesLoaded (1ms)
			ExecutionOrderSort2 (0ms)
			AwakeInstancesAfterBackupRestoration (12ms)
Platform modules already initialized, skipping
Refreshing native plugins compatible for Editor in 0.75 ms, found 2 plugins.
Preloading 0 native plugins for Editor in 0.00 ms.
Unloading 1498 Unused Serialized files (Serialized files now loaded: 0)
System memory in use before: 83.0 MB.
System memory in use after: 83.1 MB.

Unloading 11 unused Assets to reduce memory usage. Loaded Objects now: 1998.
Total: 6.843800 ms (FindLiveObjects: 0.256600 ms CreateObjectMapping: 0.105800 ms MarkObjects: 6.434200 ms  DeleteObjects: 0.045000 ms)

AssetImportParameters requested are different than current active one (requested -> active):
  custom:framework-win-MediaFoundation: 216162199b28c13a410421893ffa2e32 -> 
  custom:video-decoder-ogg-theora: a1e56fd34408186e4bbccfd4996cb3dc -> 
  custom:container-muxer-webm: aa71ff27fc2769a1b78a27578f13a17b -> 
  custom:container-demuxer-webm: 4f35f7cbe854078d1ac9338744f61a02 -> 
  custom:container-demuxer-ogg: 62fdf1f143b41e24485cea50d1cbac27 -> 
  custom:video-encoder-webm-vp8: eb34c28f22e8b96e1ab97ce403110664 -> 
  custom:video-decoder-webm-vp8: 9c59270c3fd7afecdb556c50c9e8de78 -> 
  custom:audio-decoder-ogg-vorbis: bf7c407c2cedff20999df2af8eb42d56 -> 
  custom:audio-encoder-webm-vorbis: bf7c407c2cedff20999df2af8eb42d56 -> 
========================================================================
Received Prepare
Registering precompiled user dll's ...
Registered in 0.008589 seconds.
Begin MonoManager ReloadAssembly
Native extension for WindowsStandalone target not found
Native extension for WebGL target not found
Refreshing native plugins compatible for Editor in 0.75 ms, found 2 plugins.
Preloading 0 native plugins for Editor in 0.00 ms.
Mono: successfully reloaded assembly
- Completed reload, in  2.742 seconds
Domain Reload Profiling:
	ReloadAssembly (2743ms)
		BeginReloadAssembly (307ms)
			ExecutionOrderSort (0ms)
			DisableScriptedObjects (15ms)
			BackupInstance (0ms)
			ReleaseScriptingObjects (0ms)
			CreateAndSetChildDomain (73ms)
		EndReloadAssembly (2243ms)
			LoadAssemblies (296ms)
			RebuildTransferFunctionScriptingTraits (0ms)
			SetupTypeCache (757ms)
			ReleaseScriptCaches (2ms)
			RebuildScriptCaches (103ms)
			SetupLoadedEditorAssemblies (825ms)
				LogAssemblyErrors (0ms)
				InitializePlatformSupportModulesInManaged (18ms)
				SetLoadedEditorAssemblies (2ms)
				RefreshPlugins (1ms)
				BeforeProcessingInitializeOnLoad (161ms)
				ProcessInitializeOnLoadAttributes (590ms)
				ProcessInitializeOnLoadMethodAttributes (26ms)
				AfterProcessingInitializeOnLoad (27ms)
				EditorAssembliesLoaded (1ms)
			ExecutionOrderSort2 (0ms)
			AwakeInstancesAfterBackupRestoration (21ms)
Platform modules already initialized, skipping
Refreshing native plugins compatible for Editor in 0.90 ms, found 2 plugins.
Preloading 0 native plugins for Editor in 0.00 ms.
Unloading 1498 Unused Serialized files (Serialized files now loaded: 0)
System memory in use before: 83.0 MB.
System memory in use after: 83.1 MB.

Unloading 11 unused Assets to reduce memory usage. Loaded Objects now: 2000.
Total: 7.037100 ms (FindLiveObjects: 0.262300 ms CreateObjectMapping: 0.108300 ms MarkObjects: 6.605600 ms  DeleteObjects: 0.058200 ms)

AssetImportParameters requested are different than current active one (requested -> active):
  custom:framework-win-MediaFoundation: 216162199b28c13a410421893ffa2e32 -> 
  custom:video-decoder-ogg-theora: a1e56fd34408186e4bbccfd4996cb3dc -> 
  custom:container-muxer-webm: aa71ff27fc2769a1b78a27578f13a17b -> 
  custom:container-demuxer-webm: 4f35f7cbe854078d1ac9338744f61a02 -> 
  custom:container-demuxer-ogg: 62fdf1f143b41e24485cea50d1cbac27 -> 
  custom:video-encoder-webm-vp8: eb34c28f22e8b96e1ab97ce403110664 -> 
  custom:video-decoder-webm-vp8: 9c59270c3fd7afecdb556c50c9e8de78 -> 
  custom:audio-decoder-ogg-vorbis: bf7c407c2cedff20999df2af8eb42d56 -> 
  custom:audio-encoder-webm-vorbis: bf7c407c2cedff20999df2af8eb42d56 -> 
========================================================================
Received Import Request.
  Time since last request: 612.751191 seconds.
  path: Assets/Game/Scripts/BaseCharacterClass.cs
  artifactKey: Guid(1d5b7439e43d03e499187047b7ed2516) Importer(815301076,1909f56bfc062723c751e8b465ee728b)
Start importing Assets/Game/Scripts/BaseCharacterClass.cs using Guid(1d5b7439e43d03e499187047b7ed2516) Importer(815301076,1909f56bfc062723c751e8b465ee728b)  -> (artifact id: '9b8621189df6b75fdc1258b1e1b06316') in 0.018326 seconds 
  Import took 0.026469 seconds .

========================================================================
Received Import Request.
  Time since last request: 17.112380 seconds.
  path: Assets/Game/Scripts/BaseCharacterClass.cs
  artifactKey: Guid(1d5b7439e43d03e499187047b7ed2516) Importer(815301076,1909f56bfc062723c751e8b465ee728b)
Start importing Assets/Game/Scripts/BaseCharacterClass.cs using Guid(1d5b7439e43d03e499187047b7ed2516) Importer(815301076,1909f56bfc062723c751e8b465ee728b)  -> (artifact id: '8e3299f275f5d7ba019233ae1a43820d') in 0.007543 seconds 
  Import took 0.014229 seconds .

========================================================================
Received Import Request.
  Time since last request: 31.227870 seconds.
  path: Assets/Game/Scripts/WarriorClass.cs
  artifactKey: Guid(ad012cfa73d1dfe42974e940600947ba) Importer(815301076,1909f56bfc062723c751e8b465ee728b)
Start importing Assets/Game/Scripts/WarriorClass.cs using Guid(ad012cfa73d1dfe42974e940600947ba) Importer(815301076,1909f56bfc062723c751e8b465ee728b)  -> (artifact id: '107309b51d527080e073e5e7b67f112c') in 0.008053 seconds 
  Import took 0.015284 seconds .

========================================================================
Received Import Request.
  Time since last request: 82.880319 seconds.
  path: Assets/Game/Scripts/WarriorClass.cs
  artifactKey: Guid(ad012cfa73d1dfe42974e940600947ba) Importer(815301076,1909f56bfc062723c751e8b465ee728b)
Start importing Assets/Game/Scripts/WarriorClass.cs using Guid(ad012cfa73d1dfe42974e940600947ba) Importer(815301076,1909f56bfc062723c751e8b465ee728b)  -> (artifact id: 'c25b132703538f829e85032ece5004bd') in 0.007485 seconds 
  Import took 0.014443 seconds .

========================================================================
Received Import Request.
  Time since last request: 7.990034 seconds.
  path: Assets/Game/Scripts/FighterClass.cs
  artifactKey: Guid(ad012cfa73d1dfe42974e940600947ba) Importer(815301076,1909f56bfc062723c751e8b465ee728b)
Start importing Assets/Game/Scripts/FighterClass.cs using Guid(ad012cfa73d1dfe42974e940600947ba) Importer(815301076,1909f56bfc062723c751e8b465ee728b)  -> (artifact id: '97d9d83b833da79401edc7c6dafd8156') in 0.009274 seconds 
  Import took 0.027153 seconds .

========================================================================
Received Import Request.
  Time since last request: 33.663932 seconds.
  path: Assets/Game/Scripts/FighterClass.cs
  artifactKey: Guid(ad012cfa73d1dfe42974e940600947ba) Importer(815301076,1909f56bfc062723c751e8b465ee728b)
Start importing Assets/Game/Scripts/FighterClass.cs using Guid(ad012cfa73d1dfe42974e940600947ba) Importer(815301076,1909f56bfc062723c751e8b465ee728b)  -> (artifact id: 'ce374f9cfce66c3108b007aea730e014') in 0.017319 seconds 
  Import took 0.024872 seconds .

========================================================================
Received Import Request.
  Time since last request: 297.901259 seconds.
  path: Assets/Game/Scripts/FighterClass.cs
  artifactKey: Guid(ad012cfa73d1dfe42974e940600947ba) Importer(815301076,1909f56bfc062723c751e8b465ee728b)
Start importing Assets/Game/Scripts/FighterClass.cs using Guid(ad012cfa73d1dfe42974e940600947ba) Importer(815301076,1909f56bfc062723c751e8b465ee728b)  -> (artifact id: '204f082a08503bad531baab79156eab9') in 0.005736 seconds 
  Import took 0.012540 seconds .

========================================================================
Received Import Request.
  Time since last request: 503.835541 seconds.
  path: Assets/Game/Scripts/NewGame.cs
  artifactKey: Guid(9b3349f3d65da4a4fa1f561dda2cbf96) Importer(815301076,1909f56bfc062723c751e8b465ee728b)
Start importing Assets/Game/Scripts/NewGame.cs using Guid(9b3349f3d65da4a4fa1f561dda2cbf96) Importer(815301076,1909f56bfc062723c751e8b465ee728b)  -> (artifact id: '158b389edc19687ef0d1dcada62e4d39') in 0.008513 seconds 
  Import took 0.014720 seconds .

========================================================================
Received Import Request.
  Time since last request: 165.736424 seconds.
  path: Assets/Game/Scripts/SeeClasses.cs
  artifactKey: Guid(6b2bfd9c2f2dd2a46b8ba788bf2bbb14) Importer(815301076,1909f56bfc062723c751e8b465ee728b)
Start importing Assets/Game/Scripts/SeeClasses.cs using Guid(6b2bfd9c2f2dd2a46b8ba788bf2bbb14) Importer(815301076,1909f56bfc062723c751e8b465ee728b)  -> (artifact id: '0f0d11427a505da9527c0845cf914715') in 0.006813 seconds 
  Import took 0.014481 seconds .

========================================================================
Received Import Request.
  Time since last request: 209.702634 seconds.
  path: Assets/Game/Classes.unity
  artifactKey: Guid(c8303fdb13c2b9c4db9619cf68bebf3e) Importer(815301076,1909f56bfc062723c751e8b465ee728b)
Start importing Assets/Game/Classes.unity using Guid(c8303fdb13c2b9c4db9619cf68bebf3e) Importer(815301076,1909f56bfc062723c751e8b465ee728b)  -> (artifact id: 'dc128a0c1aafd14a69ca4aea140d7840') in 0.049843 seconds 
  Import took 0.058957 seconds .

========================================================================
Received Import Request.
  Time since last request: 8.380823 seconds.
  path: Assets/Game/Menu.unity
  artifactKey: Guid(6a7d91108a0b93b49a4b58c6361b03bc) Importer(815301076,1909f56bfc062723c751e8b465ee728b)
Start importing Assets/Game/Menu.unity using Guid(6a7d91108a0b93b49a4b58c6361b03bc) Importer(815301076,1909f56bfc062723c751e8b465ee728b)  -> (artifact id: 'cb44ee0fbd10c599dfce284243fae8e1') in 0.007864 seconds 
  Import took 0.026354 seconds .

========================================================================
Received Import Request.
  Time since last request: 238.509580 seconds.
  path: Assets/Game/Scripts/SeeClasses.cs
  artifactKey: Guid(6b2bfd9c2f2dd2a46b8ba788bf2bbb14) Importer(815301076,1909f56bfc062723c751e8b465ee728b)
Start importing Assets/Game/Scripts/SeeClasses.cs using Guid(6b2bfd9c2f2dd2a46b8ba788bf2bbb14) Importer(815301076,1909f56bfc062723c751e8b465ee728b)  -> (artifact id: 'dd4a1930b8f1849eabb0210146875ab5') in 0.005636 seconds 
  Import took 0.011808 seconds .

========================================================================
Received Import Request.
  Time since last request: 85.875948 seconds.
  path: Assets/SeeClasses.cs
  artifactKey: Guid(54d25f5d30844fb449c1e305b7d3bb81) Importer(815301076,1909f56bfc062723c751e8b465ee728b)
Start importing Assets/SeeClasses.cs using Guid(54d25f5d30844fb449c1e305b7d3bb81) Importer(815301076,1909f56bfc062723c751e8b465ee728b)  -> (artifact id: 'dc9786083b71c6735643c91f2fb541ac') in 0.007716 seconds 
  Import took 0.013273 seconds .

AssetImportWorkerClient::OnTransportError - code=2 error=End of file
